<?xml version="1.0" encoding="UTF-8"?>
<robot generator="Robot 7.3.2 (Python 3.13.5 on win32)" generated="2025-07-16T17:38:41.798653" rpa="false" schemaversion="5">
<suite id="s1" name="Fluxo Compra" source="c:\Users\User\Downloads\robot\fluxo_compra.robot">
<test id="s1-t1" name="Fluxo Completo De Compra" line="13">
<kw name="Open Browser" owner="SeleniumLibrary">
<msg time="2025-07-16T17:38:42.633106" level="INFO">Opening browser 'chrome' to base url 'https://www.saucedemo.com'.</msg>
<arg>${URL}</arg>
<arg>chrome</arg>
<doc>Opens a new browser instance to the optional ``url``.</doc>
<status status="PASS" start="2025-07-16T17:38:42.630554" elapsed="1.450593"/>
</kw>
<kw name="Maximize Browser Window" owner="SeleniumLibrary">
<doc>Maximizes current browser window.</doc>
<status status="PASS" start="2025-07-16T17:38:44.090354" elapsed="0.319170"/>
</kw>
<kw name="Login No Site">
<kw name="Input Text" owner="SeleniumLibrary">
<msg time="2025-07-16T17:38:44.417255" level="INFO">Typing text 'standard_user' into text field 'id=user-name'.</msg>
<arg>id=user-name</arg>
<arg>${USERNAME}</arg>
<doc>Types the given ``text`` into the text field identified by ``locator``.</doc>
<status status="PASS" start="2025-07-16T17:38:44.414706" elapsed="0.172188"/>
</kw>
<kw name="Input Text" owner="SeleniumLibrary">
<msg time="2025-07-16T17:38:44.589395" level="INFO">Typing text 'secret_sauce' into text field 'id=password'.</msg>
<arg>id=password</arg>
<arg>${PASSWORD}</arg>
<doc>Types the given ``text`` into the text field identified by ``locator``.</doc>
<status status="PASS" start="2025-07-16T17:38:44.587731" elapsed="0.089524"/>
</kw>
<kw name="Click Button" owner="SeleniumLibrary">
<msg time="2025-07-16T17:38:44.679023" level="INFO">Clicking button 'id=login-button'.</msg>
<arg>id=login-button</arg>
<doc>Clicks the button identified by ``locator``.</doc>
<status status="PASS" start="2025-07-16T17:38:44.677940" elapsed="0.108971"/>
</kw>
<kw name="Wait Until Element Is Visible" owner="SeleniumLibrary">
<arg>xpath=//span[text()="Products"]</arg>
<doc>Waits until the element ``locator`` is visible.</doc>
<status status="PASS" start="2025-07-16T17:38:44.787974" elapsed="0.031340"/>
</kw>
<status status="PASS" start="2025-07-16T17:38:44.411880" elapsed="0.408789"/>
</kw>
<kw name="Adicionar Produto Ao Carrinho">
<kw name="Click Button" owner="SeleniumLibrary">
<msg time="2025-07-16T17:38:44.825462" level="INFO">Clicking button 'xpath=//div[text()="Sauce Labs Backpack"]/ancestor::div[contains(@class,"inventory_item")]//button[text()="Add to cart"]'.</msg>
<arg>xpath=//div[text()="Sauce Labs Backpack"]/ancestor::div[contains(@class,"inventory_item")]//button[text()="Add to cart"]</arg>
<doc>Clicks the button identified by ``locator``.</doc>
<status status="PASS" start="2025-07-16T17:38:44.824510" elapsed="0.114798"/>
</kw>
<kw name="Wait Until Element Is Visible" owner="SeleniumLibrary">
<arg>xpath=//button[text()="Remove"]</arg>
<doc>Waits until the element ``locator`` is visible.</doc>
<status status="PASS" start="2025-07-16T17:38:44.939997" elapsed="0.020806"/>
</kw>
<status status="PASS" start="2025-07-16T17:38:44.822949" elapsed="0.138610"/>
</kw>
<kw name="Acessar Carrinho E Ir Para Checkout">
<kw name="Click Element" owner="SeleniumLibrary">
<msg time="2025-07-16T17:38:44.966296" level="INFO">Clicking element 'id=shopping_cart_container'.</msg>
<arg>id=shopping_cart_container</arg>
<doc>Click the element identified by ``locator``.</doc>
<status status="PASS" start="2025-07-16T17:38:44.965108" elapsed="0.058814"/>
</kw>
<kw name="Wait Until Page Contains Element" owner="SeleniumLibrary">
<arg>id=checkout</arg>
<doc>Waits until the element ``locator`` appears on the current page.</doc>
<status status="PASS" start="2025-07-16T17:38:45.024593" elapsed="0.014873"/>
</kw>
<kw name="Click Button" owner="SeleniumLibrary">
<msg time="2025-07-16T17:38:45.040944" level="INFO">Clicking button 'id=checkout'.</msg>
<arg>id=checkout</arg>
<doc>Clicks the button identified by ``locator``.</doc>
<status status="PASS" start="2025-07-16T17:38:45.040099" elapsed="0.070037"/>
</kw>
<kw name="Sleep" owner="BuiltIn">
<msg time="2025-07-16T17:38:55.112951" level="INFO">Slept 10 seconds.</msg>
<arg>10s</arg>
<doc>Pauses the test executed for the given time.</doc>
<status status="PASS" start="2025-07-16T17:38:45.110852" elapsed="10.003744"/>
</kw>
<kw name="Run Keyword And Ignore Error" owner="BuiltIn">
<kw name="Esperar E Clicar Em Popup">
<kw name="Wait Until Element Is Visible" owner="SeleniumLibrary">
<msg time="2025-07-16T17:39:00.408847" level="INFO" html="true">&lt;/td&gt;&lt;/tr&gt;&lt;tr&gt;&lt;td colspan="3"&gt;&lt;a href="selenium-screenshot-6.png"&gt;&lt;img src="selenium-screenshot-6.png" width="800px"&gt;&lt;/a&gt;</msg>
<msg time="2025-07-16T17:39:00.410015" level="FAIL">Element 'xpath=//button[text()="OK"]' not visible after 5 seconds.</msg>
<arg>xpath=//button[text()="OK"]</arg>
<arg>timeout=5s</arg>
<doc>Waits until the element ``locator`` is visible.</doc>
<status status="FAIL" start="2025-07-16T17:38:55.122034" elapsed="5.311156">Element 'xpath=//button[text()="OK"]' not visible after 5 seconds.</status>
</kw>
<kw name="Click Button" owner="SeleniumLibrary">
<arg>xpath=//button[text()="OK"]</arg>
<doc>Clicks the button identified by ``locator``.</doc>
<status status="NOT RUN" start="2025-07-16T17:39:00.435678" elapsed="0.000354"/>
</kw>
<status status="FAIL" start="2025-07-16T17:38:55.119264" elapsed="5.318175">Element 'xpath=//button[text()="OK"]' not visible after 5 seconds.</status>
</kw>
<arg>Esperar E Clicar Em Popup</arg>
<doc>Runs the given keyword with the given arguments and ignores possible error.</doc>
<status status="PASS" start="2025-07-16T17:38:55.116184" elapsed="5.324150"/>
</kw>
<status status="PASS" start="2025-07-16T17:38:44.963321" elapsed="15.477786"/>
</kw>
<kw name="Preencher Dados E Finalizar Compra">
<kw name="Input Text" owner="SeleniumLibrary">
<msg time="2025-07-16T17:39:00.448161" level="INFO">Typing text 'Esdra' into text field 'id=first-name'.</msg>
<arg>id=first-name</arg>
<arg>${FIRSTNAME}</arg>
<doc>Types the given ``text`` into the text field identified by ``locator``.</doc>
<status status="PASS" start="2025-07-16T17:39:00.445720" elapsed="0.086218"/>
</kw>
<kw name="Input Text" owner="SeleniumLibrary">
<msg time="2025-07-16T17:39:00.534394" level="INFO">Typing text 'Wanessa' into text field 'id=last-name'.</msg>
<arg>id=last-name</arg>
<arg>${LASTNAME}</arg>
<doc>Types the given ``text`` into the text field identified by ``locator``.</doc>
<status status="PASS" start="2025-07-16T17:39:00.532713" elapsed="0.073796"/>
</kw>
<kw name="Input Text" owner="SeleniumLibrary">
<msg time="2025-07-16T17:39:00.609510" level="INFO">Typing text '12345' into text field 'id=postal-code'.</msg>
<arg>id=postal-code</arg>
<arg>${ZIP}</arg>
<doc>Types the given ``text`` into the text field identified by ``locator``.</doc>
<status status="PASS" start="2025-07-16T17:39:00.607296" elapsed="0.083146"/>
</kw>
<kw name="Click Button" owner="SeleniumLibrary">
<msg time="2025-07-16T17:39:00.692165" level="INFO">Clicking button 'id=continue'.</msg>
<arg>id=continue</arg>
<doc>Clicks the button identified by ``locator``.</doc>
<status status="PASS" start="2025-07-16T17:39:00.691190" elapsed="0.080525"/>
</kw>
<kw name="Wait Until Page Contains Element" owner="SeleniumLibrary">
<arg>id=finish</arg>
<doc>Waits until the element ``locator`` appears on the current page.</doc>
<status status="PASS" start="2025-07-16T17:39:00.773767" elapsed="0.020088"/>
</kw>
<kw name="Click Button" owner="SeleniumLibrary">
<msg time="2025-07-16T17:39:00.797675" level="INFO">Clicking button 'id=finish'.</msg>
<arg>id=finish</arg>
<doc>Clicks the button identified by ``locator``.</doc>
<status status="PASS" start="2025-07-16T17:39:00.795450" elapsed="0.100123"/>
</kw>
<kw name="Page Should Contain" owner="SeleniumLibrary">
<msg time="2025-07-16T17:39:00.916964" level="INFO">Current page contains text 'Thank you for your order!'.</msg>
<arg>Thank you for your order!</arg>
<doc>Verifies that current page contains ``text``.</doc>
<status status="PASS" start="2025-07-16T17:39:00.896277" elapsed="0.021703"/>
</kw>
<status status="PASS" start="2025-07-16T17:39:00.443231" elapsed="0.475426"/>
</kw>
<kw name="Close Browser" owner="SeleniumLibrary">
<doc>Closes the current browser.</doc>
<status status="PASS" start="2025-07-16T17:39:00.920095" elapsed="2.229865"/>
</kw>
<doc>Faz login, adiciona item ao carrinho e finaliza a compra</doc>
<status status="PASS" start="2025-07-16T17:38:42.623862" elapsed="20.530456"/>
</test>
<status status="PASS" start="2025-07-16T17:38:41.811877" elapsed="21.349454"/>
</suite>
<statistics>
<total>
<stat pass="1" fail="0" skip="0">All Tests</stat>
</total>
<tag>
</tag>
<suite>
<stat name="Fluxo Compra" id="s1" pass="1" fail="0" skip="0">Fluxo Compra</stat>
</suite>
</statistics>
<errors>
</errors>
</robot>
